Using pre-set license
Built from '2020.3/release' branch; Version is '2020.3.12f1 (b3b2c6512326) revision 11776710'; Using compiler version '192528614'; Build Type 'Release'
OS: 'Windows 10 Pro; OS build 19042.1052; Version 2009; 64bit' Language: 'ko' Physical Memory: 16322 MB
BatchMode: 1, IsHumanControllingUs: 0, StartBugReporterOnCrash: 0, Is64bit: 1, IsPro: 0

 COMMAND LINE ARGUMENTS:
C:\Program Files\Unity\Hub\Editor\2020.3.12f1\Editor\Unity.exe
-adb2
-batchMode
-noUpm
-name
AssetImportWorker0
-projectPath
C:/Users/serio/Untitled
-logFile
Logs/AssetImportWorker0.log
-srvPort
58852
Successfully changed project path to: C:/Users/serio/Untitled
C:/Users/serio/Untitled
Using Asset Import Pipeline V2.
Refreshing native plugins compatible for Editor in 30.49 ms, found 1 plugins.
Preloading 0 native plugins for Editor in 0.00 ms.
Initialize engine version: 2020.3.12f1 (b3b2c6512326)
[Subsystems] Discovering subsystems at path C:/Program Files/Unity/Hub/Editor/2020.3.12f1/Editor/Data/Resources/UnitySubsystems
[Subsystems] Discovering subsystems at path C:/Users/serio/Untitled/Assets
GfxDevice: creating device client; threaded=0
Direct3D:
    Version:  Direct3D 11.0 [level 11.1]
    Renderer: NVIDIA GeForce GTX 1660 Ti (ID=0x2182)
    Vendor:   
    VRAM:     5991 MB
    Driver:   27.21.14.6589
Initialize mono
Mono path[0] = 'C:/Program Files/Unity/Hub/Editor/2020.3.12f1/Editor/Data/Managed'
Mono path[1] = 'C:/Program Files/Unity/Hub/Editor/2020.3.12f1/Editor/Data/MonoBleedingEdge/lib/mono/unityjit'
Mono config path = 'C:/Program Files/Unity/Hub/Editor/2020.3.12f1/Editor/Data/MonoBleedingEdge/etc'
Using monoOptions --debugger-agent=transport=dt_socket,embedding=1,server=y,suspend=n,address=127.0.0.1:56720
Begin MonoManager ReloadAssembly
Registering precompiled unity dll's ...
Register platform support module: C:/Program Files/Unity/Hub/Editor/2020.3.12f1/Editor/Data/PlaybackEngines/WindowsStandaloneSupport/UnityEditor.WindowsStandalone.Extensions.dll
Registered in 0.002019 seconds.
Native extension for WindowsStandalone target not found
Refreshing native plugins compatible for Editor in 30.08 ms, found 1 plugins.
Preloading 0 native plugins for Editor in 0.00 ms.
Mono: successfully reloaded assembly
- Completed reload, in  1.794 seconds
Platform modules already initialized, skipping
Registering precompiled user dll's ...
Registered in 0.001447 seconds.
Begin MonoManager ReloadAssembly
Symbol file LoadedFromMemory doesn't match image C:\Users\serio\Untitled\Library\PackageCache\com.unity.ext.nunit@1.0.0\net35\unity-custom\nunit.framework.dll
Error: Could not load signature of TMPro.TMP_SpriteAssetImporter:PopulateSpriteTables due to: Could not resolve type with token 0100002b (from typeref, class/assembly TMPro.SpriteAssetUtilities.TexturePacker_JsonArray, Unity.TextMeshPro, Version=0.0.0.0, Culture=neutral, PublicKeyToken=null) assembly:Unity.TextMeshPro, Version=0.0.0.0, Culture=neutral, PublicKeyToken=null type:TMPro.SpriteAssetUtilities.TexturePacker_JsonArray member:(null) signature:<none>

Could not load signature of TMPro.TMP_SpriteAssetImporter:PopulateSpriteTables due to: Could not resolve type with token 0100002b (from typeref, class/assembly TMPro.SpriteAssetUtilities.TexturePacker_JsonArray, Unity.TextMeshPro, Version=0.0.0.0, Culture=neutral, PublicKeyToken=null) assembly:Unity.TextMeshPro, Version=0.0.0.0, Culture=neutral, PublicKeyToken=null type:TMPro.SpriteAssetUtilities.TexturePacker_JsonArray member:(null) signature:<none>
Unloading broken assembly Library/ScriptAssemblies/Unity.TextMeshPro.Editor.dll, this assembly can cause crashes in the runtime

Native extension for WindowsStandalone target not found
Refreshing native plugins compatible for Editor in 0.27 ms, found 1 plugins.
Preloading 0 native plugins for Editor in 0.00 ms.
Mono: successfully reloaded assembly
- Completed reload, in  1.041 seconds
Platform modules already initialized, skipping
========================================================================
Worker process is ready to serve import requests
Launched and connected shader compiler UnityShaderCompiler.exe after 0.04 seconds
Refreshing native plugins compatible for Editor in 0.27 ms, found 1 plugins.
Preloading 0 native plugins for Editor in 0.00 ms.
Unloading 1614 Unused Serialized files (Serialized files now loaded: 0)
System memory in use before: 78.5 MB.
System memory in use after: 78.6 MB.

Unloading 15 unused Assets to reduce memory usage. Loaded Objects now: 2057.
Total: 1.481200 ms (FindLiveObjects: 0.158400 ms CreateObjectMapping: 0.055600 ms MarkObjects: 1.212200 ms  DeleteObjects: 0.054100 ms)

AssetImportParameters requested are different than current active one (requested -> active):
  custom:framework-win-MediaFoundation: 216162199b28c13a410421893ffa2e32 -> 
  custom:video-decoder-ogg-theora: a1e56fd34408186e4bbccfd4996cb3dc -> 
  custom:container-muxer-webm: aa71ff27fc2769a1b78a27578f13a17b -> 
  custom:container-demuxer-webm: 4f35f7cbe854078d1ac9338744f61a02 -> 
  custom:container-demuxer-ogg: 62fdf1f143b41e24485cea50d1cbac27 -> 
  custom:video-encoder-webm-vp8: eb34c28f22e8b96e1ab97ce403110664 -> 
  custom:video-decoder-webm-vp8: 9c59270c3fd7afecdb556c50c9e8de78 -> 
  custom:audio-decoder-ogg-vorbis: bf7c407c2cedff20999df2af8eb42d56 -> 
  custom:audio-encoder-webm-vorbis: bf7c407c2cedff20999df2af8eb42d56 -> 
========================================================================
Received Import Request.
  path: Assets/new Scripts/Level.cs
  artifactKey: Guid(9910f7544c5d5d14dac63d5ec77dbadf) Importer(815301076,1909f56bfc062723c751e8b465ee728b)
Start importing Assets/new Scripts/Level.cs using Guid(9910f7544c5d5d14dac63d5ec77dbadf) Importer(815301076,1909f56bfc062723c751e8b465ee728b)  -> (artifact id: 'bd72d406843042bc4ac5e916acc52b74') in 0.082081 seconds 
  Import took 0.084467 seconds .

========================================================================
Received Import Request.
  Time since last request: 0.000252 seconds.
  path: Assets/new Scripts/Dungeon.cs
  artifactKey: Guid(481f9a45a6b9b5347a7ebb1dd7577f47) Importer(815301076,1909f56bfc062723c751e8b465ee728b)
Start importing Assets/new Scripts/Dungeon.cs using Guid(481f9a45a6b9b5347a7ebb1dd7577f47) Importer(815301076,1909f56bfc062723c751e8b465ee728b)  -> (artifact id: '1d2bf2cffcac9a9d6d7cf6edfef7bb4d') in 0.004937 seconds 
  Import took 0.007011 seconds .

========================================================================
Received Import Request.
  Time since last request: 0.000218 seconds.
  path: Assets/new Scripts
  artifactKey: Guid(6b0328485dc0d2f4bb738cd4274fd0c8) Importer(815301076,1909f56bfc062723c751e8b465ee728b)
Start importing Assets/new Scripts using Guid(6b0328485dc0d2f4bb738cd4274fd0c8) Importer(815301076,1909f56bfc062723c751e8b465ee728b)  -> (artifact id: '8addfcc3fd015fede46623d913bb8870') in 0.005521 seconds 
  Import took 0.007588 seconds .

========================================================================
Received Import Request.
  Time since last request: 0.012855 seconds.
  path: Assets/new Scripts/Terrain.cs
  artifactKey: Guid(56fefe8cf72d4774ea20b26faec7263f) Importer(815301076,1909f56bfc062723c751e8b465ee728b)
Start importing Assets/new Scripts/Terrain.cs using Guid(56fefe8cf72d4774ea20b26faec7263f) Importer(815301076,1909f56bfc062723c751e8b465ee728b)  -> (artifact id: '06b619e0b37d63735ffa40fc05f19dc3') in 0.005121 seconds 
  Import took 0.007669 seconds .

========================================================================
Received Import Request.
  Time since last request: 26.169379 seconds.
  path: Assets/Scenes
  artifactKey: Guid(a178a1f36673cec4db81c7ce7a42dace) Importer(815301076,1909f56bfc062723c751e8b465ee728b)
Start importing Assets/Scenes using Guid(a178a1f36673cec4db81c7ce7a42dace) Importer(815301076,1909f56bfc062723c751e8b465ee728b)  -> (artifact id: '35f0db38273c0afa85a14d475c42694a') in 0.005684 seconds 
  Import took 0.008031 seconds .

========================================================================
Received Import Request.
  Time since last request: 0.712179 seconds.
  path: Assets/Scenes/New Scene.unity
  artifactKey: Guid(57cc2b9d9d545034c95b59425f1bb756) Importer(815301076,1909f56bfc062723c751e8b465ee728b)
Start importing Assets/Scenes/New Scene.unity using Guid(57cc2b9d9d545034c95b59425f1bb756) Importer(815301076,1909f56bfc062723c751e8b465ee728b)  -> (artifact id: 'e726c3d6565dddede406e578ecfe3073') in 0.019570 seconds 
  Import took 0.021794 seconds .

AssetImportWorkerClient::OnTransportError - code=2 error=End of file
